{"service":"user-service","message":"helloworld","level":"info"}
{"service":"user-service","message":"helloworld","level":"info"}
{"service":"user-service","message":"helloworld","level":"info"}
{"service":"user-service","message":"helloworld","level":"error"}
{"message":"127.0.0.1 - there's no place like home","level":"warn","service":"user-service"}
{"message":"127.0.0.1 - there's no place like home","level":"\u001b[33mwarn\u001b[39m","service":"user-service"}
{"message":"127.0.0.1 - there's no place like home","level":"\u001b[31merror\u001b[39m","service":"user-service"}
{"message":"localhost - there's no place like home","level":"\u001b[31merror\u001b[39m","service":"user-service"}
{"message":"localhost - there's no place like home","level":"\u001b[31merror\u001b[39m","service":"user-service"}
{"message":"localhost - there's no place like home","level":"\u001b[31merror\u001b[39m","service":"user-service"}
{"message":"localhost - there's no place like home","level":"\u001b[31merror\u001b[39m","service":"user-service"}
{"message":"localhost - there's no place like home","level":"\u001b[31merror\u001b[39m","service":"user-service"}
{"message":"localhost - there's no place like home","level":"\u001b[31merror\u001b[39m","service":"user-service"}
{"message":"localhost - there's no place like home","level":"\u001b[31merror\u001b[39m","service":"user-service"}
{"message":"123 connect!","level":"\u001b[32minfo\u001b[39m","service":"user-service"}
{"message":"Saved! user world:1","level":"\u001b[32minfo\u001b[39m","service":"user-service"}
{"message":"123123 connect!","level":"\u001b[32minfo\u001b[39m","service":"user-service"}
{"message":"Saved! user world:1","level":"\u001b[32minfo\u001b[39m","service":"user-service"}
{"message":"User 123123 leave game","level":"\u001b[32minfo\u001b[39m","service":"user-service"}
{"message":"User 123 leave game","level":"\u001b[32minfo\u001b[39m","service":"user-service"}
{"message":"23123 connect!","level":"\u001b[32minfo\u001b[39m","service":"user-service"}
{"message":"Saved! user world:1","level":"\u001b[32minfo\u001b[39m","service":"user-service"}
{"message":"12313 connect!","level":"\u001b[32minfo\u001b[39m","service":"user-service"}
{"message":"Saved! user world:1","level":"\u001b[32minfo\u001b[39m","service":"user-service"}
{"message":"User 23123 leave game","level":"\u001b[32minfo\u001b[39m","service":"user-service"}
{"message":"User 12313 leave game","level":"\u001b[32minfo\u001b[39m","service":"user-service"}
{"message":"123 connect!","level":"\u001b[32minfo\u001b[39m","service":"user-service"}
{"message":"Saved! user world:1","level":"\u001b[32minfo\u001b[39m","service":"user-service"}
{"message":"User 123 leave game","level":"\u001b[32minfo\u001b[39m","service":"user-service"}
{"message":"132 connect!","level":"\u001b[32minfo\u001b[39m","service":"user-service"}
{"message":"Saved! user world:1","level":"\u001b[32minfo\u001b[39m","service":"user-service"}
{"message":"User 132 leave game","level":"\u001b[32minfo\u001b[39m","service":"user-service"}
{"message":"132 connect!","level":"\u001b[32minfo\u001b[39m","service":"user-service"}
{"message":"Saved! user world:1","level":"\u001b[32minfo\u001b[39m","service":"user-service"}
{"message":"User 132 leave game","level":"\u001b[32minfo\u001b[39m","service":"user-service"}
{"message":"1312 connect!","level":"\u001b[32minfo\u001b[39m","service":"user-service"}
{"message":"Saved! user world:1","level":"\u001b[32minfo\u001b[39m","service":"user-service"}
{"message":"123 connect!","level":"\u001b[32minfo\u001b[39m","service":"user-service"}
{"message":"Saved! user world:1","level":"\u001b[32minfo\u001b[39m","service":"user-service"}
{"message":"User 1312 leave game","level":"\u001b[32minfo\u001b[39m","service":"user-service"}
{"message":"User 123 leave game","level":"\u001b[32minfo\u001b[39m","service":"user-service"}
{"message":"123 connect!","level":"\u001b[32minfo\u001b[39m","service":"user-service"}
{"message":"Saved! user world:1","level":"\u001b[32minfo\u001b[39m","service":"user-service"}
{"message":"User 123 leave game","level":"\u001b[32minfo\u001b[39m","service":"user-service"}
{"message":"1321 connect!","level":"\u001b[32minfo\u001b[39m","service":"user-service"}
{"message":"Saved! user world:1","level":"\u001b[32minfo\u001b[39m","service":"user-service"}
{"message":"User 1321 leave game","level":"\u001b[32minfo\u001b[39m","service":"user-service"}
{"message":"1 connect!","level":"\u001b[32minfo\u001b[39m","service":"user-service"}
{"message":"Saved! user world:1","level":"\u001b[32minfo\u001b[39m","service":"user-service"}
{"message":"User 1 leave game","level":"\u001b[32minfo\u001b[39m","service":"user-service"}
{"message":"123 connect!","level":"\u001b[32minfo\u001b[39m","service":"user-service"}
{"message":"Saved! user world:1","level":"\u001b[32minfo\u001b[39m","service":"user-service"}
{"message":"User 123 leave game","level":"\u001b[32minfo\u001b[39m","service":"user-service"}
{"message":"132 connect!","level":"\u001b[32minfo\u001b[39m","service":"user-service"}
{"message":"Saved! user world:1","level":"\u001b[32minfo\u001b[39m","service":"user-service"}
{"message":"User 132 leave game","level":"\u001b[32minfo\u001b[39m","service":"user-service"}
{"message":"213 connect!","level":"\u001b[32minfo\u001b[39m","service":"user-service"}
{"message":"Saved! user world:1","level":"\u001b[32minfo\u001b[39m","service":"user-service"}
{"message":"User 213 leave game","level":"\u001b[32minfo\u001b[39m","service":"user-service"}
{"message":"123 connect!","level":"\u001b[32minfo\u001b[39m","service":"user-service"}
{"message":"Saved! user world:1","level":"\u001b[32minfo\u001b[39m","service":"user-service"}
{"message":"User 123 leave game","level":"\u001b[32minfo\u001b[39m","service":"user-service"}
{"message":"123 connect!","level":"\u001b[32minfo\u001b[39m","service":"user-service"}
{"message":"Saved! user world:1","level":"\u001b[32minfo\u001b[39m","service":"user-service"}
{"message":"123 connect!","level":"\u001b[32minfo\u001b[39m","service":"user-service"}
{"message":"Saved! user world:1","level":"\u001b[32minfo\u001b[39m","service":"user-service"}
{"message":"User 123 leave game","level":"\u001b[32minfo\u001b[39m","service":"user-service"}
{"message":"User 123 leave game","level":"\u001b[32minfo\u001b[39m","service":"user-service"}
{"message":"213 connect!","level":"\u001b[32minfo\u001b[39m","service":"user-service"}
{"message":"Saved! user world:1","level":"\u001b[32minfo\u001b[39m","service":"user-service"}
{"message":"User 213 leave game","level":"\u001b[32minfo\u001b[39m","service":"user-service"}
{"message":"213 connect!","level":"\u001b[32minfo\u001b[39m","service":"user-service"}
{"message":"Saved! user world:1","level":"\u001b[32minfo\u001b[39m","service":"user-service"}
{"message":"User 213 leave game","level":"\u001b[32minfo\u001b[39m","service":"user-service"}
{"message":"1231 connect!","level":"\u001b[32minfo\u001b[39m","service":"user-service"}
{"message":"Saved! user world:1","level":"\u001b[32minfo\u001b[39m","service":"user-service"}
{"message":"User 1231 leave game","level":"\u001b[32minfo\u001b[39m","service":"user-service"}
{"message":"123 connect!","level":"\u001b[32minfo\u001b[39m","service":"user-service"}
{"message":"Saved! user world:1","level":"\u001b[32minfo\u001b[39m","service":"user-service"}
{"message":"User 123 leave game","level":"\u001b[32minfo\u001b[39m","service":"user-service"}
{"message":"123 connect!","level":"\u001b[32minfo\u001b[39m","service":"user-service"}
{"message":"Saved! user world:1","level":"\u001b[32minfo\u001b[39m","service":"user-service"}
{"message":"User 123 leave game","level":"\u001b[32minfo\u001b[39m","service":"user-service"}
{"message":"312 connect!","level":"\u001b[32minfo\u001b[39m","service":"user-service"}
{"message":"Saved! user world:1","level":"\u001b[32minfo\u001b[39m","service":"user-service"}
{"message":"User 312 leave game","level":"\u001b[32minfo\u001b[39m","service":"user-service"}
{"message":"213 connect!","level":"\u001b[32minfo\u001b[39m","service":"user-service"}
{"message":"Saved! user world:1","level":"\u001b[32minfo\u001b[39m","service":"user-service"}
{"message":"User 213 leave game","level":"\u001b[32minfo\u001b[39m","service":"user-service"}
{"message":"123 connect!","level":"\u001b[32minfo\u001b[39m","service":"user-service"}
{"message":"Saved! user world:1","level":"\u001b[32minfo\u001b[39m","service":"user-service"}
{"message":"User 123 leave game","level":"\u001b[32minfo\u001b[39m","service":"user-service"}
{"message":"123 connect!","level":"\u001b[32minfo\u001b[39m","service":"user-service"}
{"message":"Saved! user world:1","level":"\u001b[32minfo\u001b[39m","service":"user-service"}
{"message":"User 123 leave game","level":"\u001b[32minfo\u001b[39m","service":"user-service"}
{"message":"132 connect!","level":"\u001b[32minfo\u001b[39m","service":"user-service"}
{"message":"Saved! user world:1","level":"\u001b[32minfo\u001b[39m","service":"user-service"}
{"message":"User 132 leave game","level":"\u001b[32minfo\u001b[39m","service":"user-service"}
{"message":"123 connect!","level":"\u001b[32minfo\u001b[39m","service":"user-service"}
{"message":"Saved! user world:1","level":"\u001b[32minfo\u001b[39m","service":"user-service"}
{"message":"User 123 leave game","level":"\u001b[32minfo\u001b[39m","service":"user-service"}
{"message":"132 connect!","level":"\u001b[32minfo\u001b[39m","service":"user-service"}
{"message":"Saved! user world:1","level":"\u001b[32minfo\u001b[39m","service":"user-service"}
{"message":"User 132 leave game","level":"\u001b[32minfo\u001b[39m","service":"user-service"}
{"message":"123 connect!","level":"\u001b[32minfo\u001b[39m","service":"user-service"}
{"message":"Saved! user world:1","level":"\u001b[32minfo\u001b[39m","service":"user-service"}
{"message":"User 123 leave game","level":"\u001b[32minfo\u001b[39m","service":"user-service"}
{"message":"123 connect!","level":"\u001b[32minfo\u001b[39m","service":"user-service"}
{"message":"Saved! user world:1","level":"\u001b[32minfo\u001b[39m","service":"user-service"}
{"message":"User 123 leave game","level":"\u001b[32minfo\u001b[39m","service":"user-service"}
{"message":"213 connect!","level":"\u001b[32minfo\u001b[39m","service":"user-service"}
{"message":"Saved! user world:1","level":"\u001b[32minfo\u001b[39m","service":"user-service"}
{"message":"User 213 leave game","level":"\u001b[32minfo\u001b[39m","service":"user-service"}
{"message":"123 connect!","level":"\u001b[32minfo\u001b[39m","service":"user-service"}
{"message":"Saved! user world:1","level":"\u001b[32minfo\u001b[39m","service":"user-service"}
{"message":"User 123 leave game","level":"\u001b[32minfo\u001b[39m","service":"user-service"}
{"message":"123 connect!","level":"\u001b[32minfo\u001b[39m","service":"user-service"}
{"message":"Saved! user world:1","level":"\u001b[32minfo\u001b[39m","service":"user-service"}
{"message":"User 123 leave game","level":"\u001b[32minfo\u001b[39m","service":"user-service"}
{"message":"213 connect!","level":"\u001b[32minfo\u001b[39m","service":"user-service"}
{"message":"Saved! user world:1","level":"\u001b[32minfo\u001b[39m","service":"user-service"}
{"message":"User 213 leave game","level":"\u001b[32minfo\u001b[39m","service":"user-service"}
{"message":"213 connect!","level":"\u001b[32minfo\u001b[39m","service":"user-service"}
{"message":"Saved! user world:1","level":"\u001b[32minfo\u001b[39m","service":"user-service"}
{"message":"User 213 leave game","level":"\u001b[32minfo\u001b[39m","service":"user-service"}
{"message":"213 connect!","level":"\u001b[32minfo\u001b[39m","service":"user-service"}
{"message":"Saved! user world:1","level":"\u001b[32minfo\u001b[39m","service":"user-service"}
{"message":"User 213 leave game","level":"\u001b[32minfo\u001b[39m","service":"user-service"}
{"message":"123 connect!","level":"\u001b[32minfo\u001b[39m","service":"user-service"}
{"message":"Saved! user world:1","level":"\u001b[32minfo\u001b[39m","service":"user-service"}
{"message":"User 123 leave game","level":"\u001b[32minfo\u001b[39m","service":"user-service"}
{"message":"321 connect!","level":"\u001b[32minfo\u001b[39m","service":"user-service"}
{"message":"Saved! user world:1","level":"\u001b[32minfo\u001b[39m","service":"user-service"}
{"message":"User 321 leave game","level":"\u001b[32minfo\u001b[39m","service":"user-service"}
{"message":"23 connect!","level":"\u001b[32minfo\u001b[39m","service":"user-service"}
{"message":"Saved! user world:1","level":"\u001b[32minfo\u001b[39m","service":"user-service"}
{"message":"User 23 leave game","level":"\u001b[32minfo\u001b[39m","service":"user-service"}
{"message":"123 connect!","level":"\u001b[32minfo\u001b[39m","service":"user-service"}
{"message":"Saved! user world:1","level":"\u001b[32minfo\u001b[39m","service":"user-service"}
{"message":"User 123 leave game","level":"\u001b[32minfo\u001b[39m","service":"user-service"}
{"message":"123 connect!","level":"\u001b[32minfo\u001b[39m","service":"user-service"}
{"message":"Saved! user world:1","level":"\u001b[32minfo\u001b[39m","service":"user-service"}
{"message":"User 123 leave game","level":"\u001b[32minfo\u001b[39m","service":"user-service"}
{"message":"123 connect!","level":"\u001b[32minfo\u001b[39m","service":"user-service"}
{"message":"Saved! user world:1","level":"\u001b[32minfo\u001b[39m","service":"user-service"}
{"message":"User 123 leave game","level":"\u001b[32minfo\u001b[39m","service":"user-service"}
{"message":"231 connect!","level":"\u001b[32minfo\u001b[39m","service":"user-service"}
{"message":"Saved! user world:1","level":"\u001b[32minfo\u001b[39m","service":"user-service"}
{"message":"User 231 leave game","level":"\u001b[32minfo\u001b[39m","service":"user-service"}
{"message":"321 connect!","level":"\u001b[32minfo\u001b[39m","service":"user-service"}
{"message":"Saved! user world:1","level":"\u001b[32minfo\u001b[39m","service":"user-service"}
{"message":"User 321 leave game","level":"\u001b[32minfo\u001b[39m","service":"user-service"}
{"message":"123 connect!","level":"\u001b[32minfo\u001b[39m","service":"user-service"}
{"message":"Saved! user world:1","level":"\u001b[32minfo\u001b[39m","service":"user-service"}
{"message":"User 123 leave game","level":"\u001b[32minfo\u001b[39m","service":"user-service"}
{"message":"213 connect!","level":"\u001b[32minfo\u001b[39m","service":"user-service"}
{"message":"Saved! user world:1","level":"\u001b[32minfo\u001b[39m","service":"user-service"}
