{"message":"Server listen on 5000 ","level":"\u001b[32minfo\u001b[39m","service":"user-service"}
{"message":"123 connect!","level":"\u001b[32minfo\u001b[39m","service":"user-service"}
{"message":"Saved! user world:1","level":"\u001b[32minfo\u001b[39m","service":"user-service"}
{"message":"User undefined leave game","level":"\u001b[32minfo\u001b[39m","service":"user-service"}
{"message":"Server listen on 5000 ","level":"\u001b[32minfo\u001b[39m","service":"user-service"}
{"message":"123 connect!","level":"\u001b[32minfo\u001b[39m","service":"user-service"}
{"message":"Saved! user world:1","level":"\u001b[32minfo\u001b[39m","service":"user-service"}
{"message":"User undefined leave game","level":"\u001b[32minfo\u001b[39m","service":"user-service"}
{"message":"Server listen on 5000 ","level":"\u001b[32minfo\u001b[39m","service":"user-service"}
{"message":"123 connect!","level":"\u001b[32minfo\u001b[39m","service":"user-service"}
{"message":"Saved! user world:1","level":"\u001b[32minfo\u001b[39m","service":"user-service"}
{"message":"Server listen on 5000 ","level":"\u001b[32minfo\u001b[39m","service":"user-service"}
{"message":"13 connect!","level":"\u001b[32minfo\u001b[39m","service":"user-service"}
{"message":"Saved! user world:1","level":"\u001b[32minfo\u001b[39m","service":"user-service"}
{"message":"Server listen on 5000 ","level":"\u001b[32minfo\u001b[39m","service":"user-service"}
{"message":"13 connect!","level":"\u001b[32minfo\u001b[39m","service":"user-service"}
{"message":"Saved! user world:1","level":"\u001b[32minfo\u001b[39m","service":"user-service"}
{"message":"Server listen on 5000 ","level":"\u001b[32minfo\u001b[39m","service":"user-service"}
{"message":"123 connect!","level":"\u001b[32minfo\u001b[39m","service":"user-service"}
{"message":"Saved! user world:undefined","level":"\u001b[32minfo\u001b[39m","service":"user-service"}
{"message":"Server listen on 5000 ","level":"\u001b[32minfo\u001b[39m","service":"user-service"}
{"message":"3123 connect!","level":"\u001b[32minfo\u001b[39m","service":"user-service"}
{"message":"Saved! user world:1","level":"\u001b[32minfo\u001b[39m","service":"user-service"}
{"message":"Server listen on 5000 ","level":"\u001b[32minfo\u001b[39m","service":"user-service"}
{"message":"123 connect!","level":"\u001b[32minfo\u001b[39m","service":"user-service"}
{"message":"Saved! user world:1","level":"\u001b[32minfo\u001b[39m","service":"user-service"}
{"message":"Server listen on 5000 ","level":"\u001b[32minfo\u001b[39m","service":"user-service"}
{"message":"123 connect!","level":"\u001b[32minfo\u001b[39m","service":"user-service"}
{"message":"Saved! user world:1","level":"\u001b[32minfo\u001b[39m","service":"user-service"}
{"message":"Server listen on 5000 ","level":"\u001b[32minfo\u001b[39m","service":"user-service"}
{"message":"123 connect!","level":"\u001b[32minfo\u001b[39m","service":"user-service"}
{"message":"Saved! user world:1","level":"\u001b[32minfo\u001b[39m","service":"user-service"}
{"message":"User 123 leave game","level":"\u001b[32minfo\u001b[39m","service":"user-service"}
{"message":"Server listen on 5000 ","level":"\u001b[32minfo\u001b[39m","service":"user-service"}
{"message":"123 connect!","level":"\u001b[32minfo\u001b[39m","service":"user-service"}
{"message":"Saved! user world:1","level":"\u001b[32minfo\u001b[39m","service":"user-service"}
{"message":"Server listen on 5000 ","level":"\u001b[32minfo\u001b[39m","service":"user-service"}
{"message":"123 connect!","level":"\u001b[32minfo\u001b[39m","service":"user-service"}
{"message":"Saved! user world:1","level":"\u001b[32minfo\u001b[39m","service":"user-service"}
{"message":"Server listen on 5000 ","level":"\u001b[32minfo\u001b[39m","service":"user-service"}
{"message":"123 connect!","level":"\u001b[32minfo\u001b[39m","service":"user-service"}
{"message":"Saved! user world:1","level":"\u001b[32minfo\u001b[39m","service":"user-service"}
{"message":"User 123 leave game","level":"\u001b[32minfo\u001b[39m","service":"user-service"}
{"message":"123 connect!","level":"\u001b[32minfo\u001b[39m","service":"user-service"}
{"message":"Saved! user world:1","level":"\u001b[32minfo\u001b[39m","service":"user-service"}
{"message":"User 123 leave game","level":"\u001b[32minfo\u001b[39m","service":"user-service"}
{"message":"123 connect!","level":"\u001b[32minfo\u001b[39m","service":"user-service"}
{"message":"Saved! user world:1","level":"\u001b[32minfo\u001b[39m","service":"user-service"}
{"message":"User 123 leave game","level":"\u001b[32minfo\u001b[39m","service":"user-service"}
{"message":"123 connect!","level":"\u001b[32minfo\u001b[39m","service":"user-service"}
{"message":"Saved! user world:1","level":"\u001b[32minfo\u001b[39m","service":"user-service"}
{"message":"Server listen on 5000 ","level":"\u001b[32minfo\u001b[39m","service":"user-service"}
{"message":"123 connect!","level":"\u001b[32minfo\u001b[39m","service":"user-service"}
{"message":"Saved! user world:1","level":"\u001b[32minfo\u001b[39m","service":"user-service"}
{"message":"Server listen on 5000 ","level":"\u001b[32minfo\u001b[39m","service":"user-service"}
{"message":"123 connect!","level":"\u001b[32minfo\u001b[39m","service":"user-service"}
{"message":"Saved! user world:1","level":"\u001b[32minfo\u001b[39m","service":"user-service"}
{"message":"User 123 leave game","level":"\u001b[32minfo\u001b[39m","service":"user-service"}
{"message":"123123 connect!","level":"\u001b[32minfo\u001b[39m","service":"user-service"}
{"message":"Saved! user world:1","level":"\u001b[32minfo\u001b[39m","service":"user-service"}
{"message":"User 123123 leave game","level":"\u001b[32minfo\u001b[39m","service":"user-service"}
{"message":"Server listen on 5000 ","level":"\u001b[32minfo\u001b[39m","service":"user-service"}
{"message":"123 connect!","level":"\u001b[32minfo\u001b[39m","service":"user-service"}
{"message":"Saved! user world:1","level":"\u001b[32minfo\u001b[39m","service":"user-service"}
{"message":"Server listen on 5000 ","level":"\u001b[32minfo\u001b[39m","service":"user-service"}
{"message":"123 connect!","level":"\u001b[32minfo\u001b[39m","service":"user-service"}
{"message":"Saved! user world:1","level":"\u001b[32minfo\u001b[39m","service":"user-service"}
{"message":"Server listen on 5000 ","level":"\u001b[32minfo\u001b[39m","service":"user-service"}
{"message":"231 connect!","level":"\u001b[32minfo\u001b[39m","service":"user-service"}
{"message":"Saved! user world:1","level":"\u001b[32minfo\u001b[39m","service":"user-service"}
{"message":"User 231 leave game","level":"\u001b[32minfo\u001b[39m","service":"user-service"}
{"message":"123 connect!","level":"\u001b[32minfo\u001b[39m","service":"user-service"}
{"message":"Saved! user world:1","level":"\u001b[32minfo\u001b[39m","service":"user-service"}
{"message":"User 123 leave game","level":"\u001b[32minfo\u001b[39m","service":"user-service"}
{"message":"123 connect!","level":"\u001b[32minfo\u001b[39m","service":"user-service"}
{"message":"Saved! user world:1","level":"\u001b[32minfo\u001b[39m","service":"user-service"}
{"message":"User 123 leave game","level":"\u001b[32minfo\u001b[39m","service":"user-service"}
{"message":"13 connect!","level":"\u001b[32minfo\u001b[39m","service":"user-service"}
{"message":"Saved! user world:1","level":"\u001b[32minfo\u001b[39m","service":"user-service"}
{"message":"User 13 leave game","level":"\u001b[32minfo\u001b[39m","service":"user-service"}
{"message":"123 connect!","level":"\u001b[32minfo\u001b[39m","service":"user-service"}
{"message":"Saved! user world:1","level":"\u001b[32minfo\u001b[39m","service":"user-service"}
{"message":"User 123 leave game","level":"\u001b[32minfo\u001b[39m","service":"user-service"}
{"message":"Server listen on 5000 ","level":"\u001b[32minfo\u001b[39m","service":"user-service"}
{"message":"123 connect!","level":"\u001b[32minfo\u001b[39m","service":"user-service"}
{"message":"Saved! user world:1","level":"\u001b[32minfo\u001b[39m","service":"user-service"}
{"message":"Server listen on 5000 ","level":"\u001b[32minfo\u001b[39m","service":"user-service"}
{"message":"1231 connect!","level":"\u001b[32minfo\u001b[39m","service":"user-service"}
{"message":"Saved! user world:1","level":"\u001b[32minfo\u001b[39m","service":"user-service"}
{"message":"Server listen on 5000 ","level":"\u001b[32minfo\u001b[39m","service":"user-service"}
{"message":"1231 connect!","level":"\u001b[32minfo\u001b[39m","service":"user-service"}
{"message":"Saved! user world:1","level":"\u001b[32minfo\u001b[39m","service":"user-service"}
{"message":"Server listen on 5000 ","level":"\u001b[32minfo\u001b[39m","service":"user-service"}
{"message":"123 connect!","level":"\u001b[32minfo\u001b[39m","service":"user-service"}
{"message":"Saved! user world:1","level":"\u001b[32minfo\u001b[39m","service":"user-service"}
{"message":"Server listen on 5000 ","level":"\u001b[32minfo\u001b[39m","service":"user-service"}
{"message":"123 connect!","level":"\u001b[32minfo\u001b[39m","service":"user-service"}
{"message":"Saved! user world:1","level":"\u001b[32minfo\u001b[39m","service":"user-service"}
{"message":"User 123 leave game","level":"\u001b[32minfo\u001b[39m","service":"user-service"}
{"message":"123 connect!","level":"\u001b[32minfo\u001b[39m","service":"user-service"}
{"message":"Saved! user world:1","level":"\u001b[32minfo\u001b[39m","service":"user-service"}
{"message":"User 123 leave game","level":"\u001b[32minfo\u001b[39m","service":"user-service"}
{"message":"123 connect!","level":"\u001b[32minfo\u001b[39m","service":"user-service"}
{"message":"Saved! user world:1","level":"\u001b[32minfo\u001b[39m","service":"user-service"}
{"message":"Server listen on 5000 ","level":"\u001b[32minfo\u001b[39m","service":"user-service"}
{"message":"13 connect!","level":"\u001b[32minfo\u001b[39m","service":"user-service"}
{"message":"Saved! user world:1","level":"\u001b[32minfo\u001b[39m","service":"user-service"}
{"message":"Server listen on 5000 ","level":"\u001b[32minfo\u001b[39m","service":"user-service"}
{"message":"13 connect!","level":"\u001b[32minfo\u001b[39m","service":"user-service"}
{"message":"Saved! user world:1","level":"\u001b[32minfo\u001b[39m","service":"user-service"}
{"message":"Server listen on 5000 ","level":"\u001b[32minfo\u001b[39m","service":"user-service"}
{"message":"123 connect!","level":"\u001b[32minfo\u001b[39m","service":"user-service"}
{"message":"Saved! user world:1","level":"\u001b[32minfo\u001b[39m","service":"user-service"}
{"message":"User 123 leave game","level":"\u001b[32minfo\u001b[39m","service":"user-service"}
{"message":"132 connect!","level":"\u001b[32minfo\u001b[39m","service":"user-service"}
{"message":"Saved! user world:1","level":"\u001b[32minfo\u001b[39m","service":"user-service"}
{"message":"User 132 leave game","level":"\u001b[32minfo\u001b[39m","service":"user-service"}
{"message":"Server listen on 5000 ","level":"\u001b[32minfo\u001b[39m","service":"user-service"}
{"message":"13 connect!","level":"\u001b[32minfo\u001b[39m","service":"user-service"}
{"message":"Saved! user world:1","level":"\u001b[32minfo\u001b[39m","service":"user-service"}
{"message":"Server listen on 5000 ","level":"\u001b[32minfo\u001b[39m","service":"user-service"}
{"message":"13 connect!","level":"\u001b[32minfo\u001b[39m","service":"user-service"}
{"message":"Saved! user world:1","level":"\u001b[32minfo\u001b[39m","service":"user-service"}
{"message":"13 connect!","level":"\u001b[32minfo\u001b[39m","service":"user-service"}
{"message":"Saved! user world:1","level":"\u001b[32minfo\u001b[39m","service":"user-service"}
{"message":"User 13 leave game","level":"\u001b[32minfo\u001b[39m","service":"user-service"}
{"message":"User 13 leave game","level":"\u001b[32minfo\u001b[39m","service":"user-service"}
{"message":"13 connect!","level":"\u001b[32minfo\u001b[39m","service":"user-service"}
{"message":"Saved! user world:1","level":"\u001b[32minfo\u001b[39m","service":"user-service"}
{"message":"User 13 leave game","level":"\u001b[32minfo\u001b[39m","service":"user-service"}
{"message":"13 connect!","level":"\u001b[32minfo\u001b[39m","service":"user-service"}
{"message":"Saved! user world:1","level":"\u001b[32minfo\u001b[39m","service":"user-service"}
{"message":"13 connect!","level":"\u001b[32minfo\u001b[39m","service":"user-service"}
{"message":"Saved! user world:1","level":"\u001b[32minfo\u001b[39m","service":"user-service"}
{"message":"Server listen on 5000 ","level":"\u001b[32minfo\u001b[39m","service":"user-service"}
{"message":"13 connect!","level":"\u001b[32minfo\u001b[39m","service":"user-service"}
{"message":"Saved! user world:1","level":"\u001b[32minfo\u001b[39m","service":"user-service"}
{"message":"Server listen on 5000 ","level":"\u001b[32minfo\u001b[39m","service":"user-service"}
{"message":"13 connect!","level":"\u001b[32minfo\u001b[39m","service":"user-service"}
{"message":"Saved! user world:1","level":"\u001b[32minfo\u001b[39m","service":"user-service"}
{"message":"Server listen on 5000 ","level":"\u001b[32minfo\u001b[39m","service":"user-service"}
{"message":"13 connect!","level":"\u001b[32minfo\u001b[39m","service":"user-service"}
{"message":"Saved! user world:1","level":"\u001b[32minfo\u001b[39m","service":"user-service"}
{"message":"User 13 leave game","level":"\u001b[32minfo\u001b[39m","service":"user-service"}
{"message":"Server listen on 5000 ","level":"\u001b[32minfo\u001b[39m","service":"user-service"}
{"message":"13 connect!","level":"\u001b[32minfo\u001b[39m","service":"user-service"}
{"message":"Saved! user world:1","level":"\u001b[32minfo\u001b[39m","service":"user-service"}
{"message":"13 connect!","level":"\u001b[32minfo\u001b[39m","service":"user-service"}
{"message":"Saved! user world:1","level":"\u001b[32minfo\u001b[39m","service":"user-service"}
{"message":"User 13 leave game","level":"\u001b[32minfo\u001b[39m","service":"user-service"}
{"message":"User 13 leave game","level":"\u001b[32minfo\u001b[39m","service":"user-service"}
{"message":"13 connect!","level":"\u001b[32minfo\u001b[39m","service":"user-service"}
{"message":"Saved! user world:1","level":"\u001b[32minfo\u001b[39m","service":"user-service"}
{"message":"131313 connect!","level":"\u001b[32minfo\u001b[39m","service":"user-service"}
{"message":"Saved! user world:1","level":"\u001b[32minfo\u001b[39m","service":"user-service"}
{"message":"User 13 leave game","level":"\u001b[32minfo\u001b[39m","service":"user-service"}
{"message":"User 131313 leave game","level":"\u001b[32minfo\u001b[39m","service":"user-service"}
{"message":"Server listen on 5000 ","level":"\u001b[32minfo\u001b[39m","service":"user-service"}
{"message":"132 connect!","level":"\u001b[32minfo\u001b[39m","service":"user-service"}
{"message":"Saved! user world:1","level":"\u001b[32minfo\u001b[39m","service":"user-service"}
{"message":"User 132 leave game","level":"\u001b[32minfo\u001b[39m","service":"user-service"}
{"message":"Server listen on 5000 ","level":"\u001b[32minfo\u001b[39m","service":"user-service"}
{"message":"1312 connect!","level":"\u001b[32minfo\u001b[39m","service":"user-service"}
{"message":"Saved! user world:1","level":"\u001b[32minfo\u001b[39m","service":"user-service"}
{"message":"Server listen on 5000 ","level":"\u001b[32minfo\u001b[39m","service":"user-service"}
{"message":"1 connect!","level":"\u001b[32minfo\u001b[39m","service":"user-service"}
{"message":"Saved! user world:1","level":"\u001b[32minfo\u001b[39m","service":"user-service"}
{"message":"123 connect!","level":"\u001b[32minfo\u001b[39m","service":"user-service"}
{"message":"Saved! user world:1","level":"\u001b[32minfo\u001b[39m","service":"user-service"}
{"message":"User 123 leave game","level":"\u001b[32minfo\u001b[39m","service":"user-service"}
{"message":"User 1 leave game","level":"\u001b[32minfo\u001b[39m","service":"user-service"}
{"message":"213 connect!","level":"\u001b[32minfo\u001b[39m","service":"user-service"}
{"message":"Saved! user world:1","level":"\u001b[32minfo\u001b[39m","service":"user-service"}
{"message":"131231 connect!","level":"\u001b[32minfo\u001b[39m","service":"user-service"}
{"message":"Saved! user world:1","level":"\u001b[32minfo\u001b[39m","service":"user-service"}
{"message":"User 213 leave game","level":"\u001b[32minfo\u001b[39m","service":"user-service"}
{"message":"User 131231 leave game","level":"\u001b[32minfo\u001b[39m","service":"user-service"}
{"message":"13 connect!","level":"\u001b[32minfo\u001b[39m","service":"user-service"}
{"message":"Saved! user world:1","level":"\u001b[32minfo\u001b[39m","service":"user-service"}
{"message":"1312 connect!","level":"\u001b[32minfo\u001b[39m","service":"user-service"}
{"message":"Saved! user world:1","level":"\u001b[32minfo\u001b[39m","service":"user-service"}
{"message":"User 1312 leave game","level":"\u001b[32minfo\u001b[39m","service":"user-service"}
{"message":"13 connect!","level":"\u001b[32minfo\u001b[39m","service":"user-service"}
{"message":"Saved! user world:1","level":"\u001b[32minfo\u001b[39m","service":"user-service"}
{"message":"Server listen on 5000 ","level":"\u001b[32minfo\u001b[39m","service":"user-service"}
{"message":"13 connect!","level":"\u001b[32minfo\u001b[39m","service":"user-service"}
{"message":"Saved! user world:1","level":"\u001b[32minfo\u001b[39m","service":"user-service"}
{"message":"123 connect!","level":"\u001b[32minfo\u001b[39m","service":"user-service"}
{"message":"Saved! user world:1","level":"\u001b[32minfo\u001b[39m","service":"user-service"}
{"message":"123 connect!","level":"\u001b[32minfo\u001b[39m","service":"user-service"}
{"message":"Saved! user world:1","level":"\u001b[32minfo\u001b[39m","service":"user-service"}
{"message":"User 123 leave game","level":"\u001b[32minfo\u001b[39m","service":"user-service"}
{"message":"User 13 leave game","level":"\u001b[32minfo\u001b[39m","service":"user-service"}
